<?xml version="1.0" encoding="UTF-8"?>
<!-- Generated by org.testng.reporters.JUnitReportReporter -->
<testsuite skipped="0" hostname="Owners-MacBook-Air-3.local" name="TestPage.aboutUsTests" tests="1" failures="0" timestamp="2021-05-18T23:35:31 EDT" time="10.884" errors="0">
  <testcase name="getUrl" time="10.884" classname="TestPage.aboutUsTests"/>
  <system-out/>
</testsuite> <!-- TestPage.aboutUsTests -->
