<?xml version="1.0" encoding="UTF-8"?>
<!-- Generated by org.testng.reporters.JUnitReportReporter -->
<testsuite skipped="0" hostname="Owners-MacBook-Air-3.local" name="TestPage.aboutUsTests" tests="1" failures="0" timestamp="2021-05-20T20:29:51 EDT" time="5.393" errors="0">
  <testcase name="getUrl" time="5.393" classname="TestPage.aboutUsTests"/>
  <system-out/>
</testsuite> <!-- TestPage.aboutUsTests -->
